{"name": "test_search_without_providing_any_product", "status": "failed", "statusDetails": {"message": "AssertionError: assert False\n +  where False = <method-wrapper '__eq__' of str object at 0x000002A450A6E8E0>('There is no 123 product that matches the search criteria.')\n +    where <method-wrapper '__eq__' of str object at 0x000002A450A6E8E0> = 'There is no product that matches the search criteria.'.__eq__\n +      where 'There is no product that matches the search criteria.' = <bound method SearchPage.retrieving_no_product_message of <PageObjects.SearchPage.SearchPage object at 0x000002A450B90CD0>>()\n +        where <bound method SearchPage.retrieving_no_product_message of <PageObjects.SearchPage.SearchPage object at 0x000002A450B90CD0>> = <PageObjects.SearchPage.SearchPage object at 0x000002A450B90CD0>.retrieving_no_product_message", "trace": "self = <tests.test_Search.TestSearch object at 0x000002A450B0E770>\n\n    def test_search_without_providing_any_product(self):\n        home_page = HomePage(self.driver)\n        search_page = home_page.search_for_a_product(\"\")\n        expected_text = \"There is no 123 product that matches the search criteria.\"\n>       assert search_page.retrieving_no_product_message().__eq__(expected_text)\nE       AssertionError: assert False\nE        +  where False = <method-wrapper '__eq__' of str object at 0x000002A450A6E8E0>('There is no 123 product that matches the search criteria.')\nE        +    where <method-wrapper '__eq__' of str object at 0x000002A450A6E8E0> = 'There is no product that matches the search criteria.'.__eq__\nE        +      where 'There is no product that matches the search criteria.' = <bound method SearchPage.retrieving_no_product_message of <PageObjects.SearchPage.SearchPage object at 0x000002A450B90CD0>>()\nE        +        where <bound method SearchPage.retrieving_no_product_message of <PageObjects.SearchPage.SearchPage object at 0x000002A450B90CD0>> = <PageObjects.SearchPage.SearchPage object at 0x000002A450B90CD0>.retrieving_no_product_message\n\ntests\\test_Search.py:22: AssertionError"}, "start": 1719821581467, "stop": 1719821582685, "uuid": "d0204d3b-2ffb-47fa-89c4-cbe51c4c0a1c", "historyId": "5d37ea5fc5916146fd51ef3ddd636579", "testCaseId": "5d37ea5fc5916146fd51ef3ddd636579", "fullName": "tests.test_Search.TestSearch#test_search_without_providing_any_product", "labels": [{"name": "tag", "value": "@pytest.mark.usefixtures('setup_and_teardown', 'log_on_failure')"}, {"name": "parentSuite", "value": "tests"}, {"name": "suite", "value": "test_Search"}, {"name": "subSuite", "value": "TestSearch"}, {"name": "host", "value": "DESKTOP-OVP0SQ7"}, {"name": "thread", "value": "9480-MainThread"}, {"name": "framework", "value": "pytest"}, {"name": "language", "value": "cpython3"}, {"name": "package", "value": "tests.test_Search"}]}