{
  "uid" : "ce792e579f49c7b7",
  "name" : "test_search_without_providing_any_product",
  "fullName" : "tests.test_Search.TestSearch#test_search_without_providing_any_product",
  "historyId" : "5d37ea5fc5916146fd51ef3ddd636579",
  "time" : {
    "start" : 1719644181737,
    "stop" : 1719644182311,
    "duration" : 574
  },
  "status" : "failed",
  "statusMessage" : "AssertionError: assert False\n +  where False = <method-wrapper '__eq__' of str object at 0x0000021191EE3910>('There is no 123 product that matches the search criteria.')\n +    where <method-wrapper '__eq__' of str object at 0x0000021191EE3910> = 'There is no product that matches the search criteria.'.__eq__\n +      where 'There is no product that matches the search criteria.' = <bound method SearchPage.retrieving_no_product_message of <PageObjects.SearchPage.SearchPage object at 0x0000021191FBE8C0>>()\n +        where <bound method SearchPage.retrieving_no_product_message of <PageObjects.SearchPage.SearchPage object at 0x0000021191FBE8C0>> = <PageObjects.SearchPage.SearchPage object at 0x0000021191FBE8C0>.retrieving_no_product_message",
  "statusTrace" : "self = <tests.test_Search.TestSearch object at 0x0000021191F67D60>\n\n    def test_search_without_providing_any_product(self):\n        home_page = HomePage(self.driver)\n        search_page = home_page.search_for_a_product(\"\")\n        expected_text = \"There is no 123 product that matches the search criteria.\"\n>       assert search_page.retrieving_no_product_message().__eq__(expected_text)\nE       AssertionError: assert False\nE        +  where False = <method-wrapper '__eq__' of str object at 0x0000021191EE3910>('There is no 123 product that matches the search criteria.')\nE        +    where <method-wrapper '__eq__' of str object at 0x0000021191EE3910> = 'There is no product that matches the search criteria.'.__eq__\nE        +      where 'There is no product that matches the search criteria.' = <bound method SearchPage.retrieving_no_product_message of <PageObjects.SearchPage.SearchPage object at 0x0000021191FBE8C0>>()\nE        +        where <bound method SearchPage.retrieving_no_product_message of <PageObjects.SearchPage.SearchPage object at 0x0000021191FBE8C0>> = <PageObjects.SearchPage.SearchPage object at 0x0000021191FBE8C0>.retrieving_no_product_message\n\ntests\\test_Search.py:22: AssertionError",
  "flaky" : false,
  "beforeStages" : [ {
    "name" : "log_on_failure",
    "time" : {
      "start" : 1719644181733,
      "stop" : 1719644181734,
      "duration" : 1
    },
    "status" : "passed",
    "steps" : [ ],
    "attachments" : [ ],
    "parameters" : [ ],
    "attachmentsCount" : 0,
    "shouldDisplayMessage" : false,
    "hasContent" : false,
    "stepsCount" : 0
  }, {
    "name" : "setup_and_teardown",
    "time" : {
      "start" : 1719644171596,
      "stop" : 1719644181733,
      "duration" : 10137
    },
    "status" : "passed",
    "steps" : [ ],
    "attachments" : [ ],
    "parameters" : [ ],
    "attachmentsCount" : 0,
    "shouldDisplayMessage" : false,
    "hasContent" : false,
    "stepsCount" : 0
  } ],
  "afterStages" : [ {
    "name" : "log_on_failure::0",
    "time" : {
      "start" : 1719644182468,
      "stop" : 1719644182648,
      "duration" : 180
    },
    "status" : "passed",
    "steps" : [ ],
    "attachments" : [ {
      "uid" : "4a96391c8c4efa66",
      "name" : "failed_test",
      "source" : "4a96391c8c4efa66.png",
      "type" : "image/png",
      "size" : 46085
    } ],
    "parameters" : [ ],
    "attachmentsCount" : 1,
    "shouldDisplayMessage" : false,
    "hasContent" : true,
    "stepsCount" : 0
  }, {
    "name" : "setup_and_teardown::0",
    "time" : {
      "start" : 1719644182655,
      "stop" : 1719644186627,
      "duration" : 3972
    },
    "status" : "passed",
    "steps" : [ ],
    "attachments" : [ ],
    "parameters" : [ ],
    "attachmentsCount" : 0,
    "shouldDisplayMessage" : false,
    "hasContent" : false,
    "stepsCount" : 0
  } ],
  "labels" : [ {
    "name" : "tag",
    "value" : "@pytest.mark.usefixtures('setup_and_teardown', 'log_on_failure')"
  }, {
    "name" : "parentSuite",
    "value" : "tests"
  }, {
    "name" : "suite",
    "value" : "test_Search"
  }, {
    "name" : "subSuite",
    "value" : "TestSearch"
  }, {
    "name" : "host",
    "value" : "DESKTOP-OVP0SQ7"
  }, {
    "name" : "thread",
    "value" : "11784-MainThread"
  }, {
    "name" : "framework",
    "value" : "pytest"
  }, {
    "name" : "language",
    "value" : "cpython3"
  }, {
    "name" : "package",
    "value" : "tests.test_Search"
  }, {
    "name" : "resultFormat",
    "value" : "allure2"
  } ],
  "parameters" : [ ],
  "links" : [ ],
  "hidden" : true,
  "retry" : true,
  "extra" : {
    "categories" : [ ],
    "tags" : [ "@pytest.mark.usefixtures('setup_and_teardown', 'log_on_failure')" ]
  },
  "source" : "ce792e579f49c7b7.json",
  "parameterValues" : [ ]
}